[ 2023-02-09 16:36:26,522 ] 15 root - INFO - >>>>>>>>>>>>>>>>>>>>>>>>>>>>>>>>>>>>>>>> Data Ingestion <<<<<<<<<<<<<<<<<<<<<<<<<<<<<<<<<<<<<<<<
[ 2023-02-09 16:36:26,522 ] 22 root - INFO - Exporting collection data as pandas dataframe
[ 2023-02-09 16:36:26,522 ] 21 root - INFO - Reading data from database: aps and collection: sensor
[ 2023-02-09 16:36:32,666 ] 23 root - INFO - Found columns: Index(['_id', 'class', 'aa_000', 'ab_000', 'ac_000', 'ad_000', 'ae_000',
       'af_000', 'ag_000', 'ag_001',
       ...
       'ee_002', 'ee_003', 'ee_004', 'ee_005', 'ee_006', 'ee_007', 'ee_008',
       'ee_009', 'ef_000', 'eg_000'],
      dtype='object', length=172)
[ 2023-02-09 16:36:32,666 ] 25 root - INFO - Dropping column: _id 
[ 2023-02-09 16:36:32,869 ] 27 root - INFO - Row and columns in df: (36188, 171)
[ 2023-02-09 16:36:32,869 ] 28 root - INFO - Save data in feature store
[ 2023-02-09 16:36:33,482 ] 34 root - INFO - Create feature store folder if not available
[ 2023-02-09 16:36:33,483 ] 38 root - INFO - Save df to feature store folder
[ 2023-02-09 16:36:36,075 ] 43 root - INFO - split dataset into train and test set
[ 2023-02-09 16:36:36,687 ] 47 root - INFO - create dataset directory folder if not available
[ 2023-02-09 16:36:36,688 ] 52 root - INFO - Save df to feature store folder
[ 2023-02-09 16:36:38,780 ] 64 root - INFO - Data ingestion artifact: DataIngestionArtifact(feature_store_file_path='/config/workspace/artifact/02092023__163626/data_ingestion/feature_store/sensor.csv', train_file_path='/config/workspace/artifact/02092023__163626/data_ingestion/dataset/train.csv', test_file_path='/config/workspace/artifact/02092023__163626/data_ingestion/dataset/test.csv')
[ 2023-02-09 16:36:39,158 ] 22 root - INFO - >>>>>>>>>>>>>>>>>>>>>>>>>>>>>>>>>>>>>>>> Data Validation <<<<<<<<<<<<<<<<<<<<<<<<<<<<<<<<<<<<<<<<
[ 2023-02-09 16:36:39,158 ] 110 root - INFO - Reading base dataframe
[ 2023-02-09 16:36:42,096 ] 113 root - INFO - Replace na value in base df
[ 2023-02-09 16:36:42,097 ] 115 root - INFO - Drop null values colums from base df
[ 2023-02-09 16:36:43,046 ] 44 root - INFO - selecting column name which contains null above to 0.2
[ 2023-02-09 16:36:43,047 ] 47 root - INFO - Columns to drop: ['ab_000', 'ad_000', 'bk_000', 'bl_000', 'bm_000', 'bn_000', 'bo_000', 'bp_000', 'bq_000', 'br_000', 'cf_000', 'cg_000', 'ch_000', 'co_000', 'cr_000', 'ct_000', 'cu_000', 'cv_000', 'cx_000', 'cy_000', 'cz_000', 'da_000', 'db_000', 'dc_000']
[ 2023-02-09 16:36:43,132 ] 118 root - INFO - Reading train dataframe
[ 2023-02-09 16:36:43,529 ] 120 root - INFO - Reading test dataframe
[ 2023-02-09 16:36:43,633 ] 123 root - INFO - Drop null values colums from train df
[ 2023-02-09 16:36:43,644 ] 44 root - INFO - selecting column name which contains null above to 0.2
[ 2023-02-09 16:36:43,645 ] 47 root - INFO - Columns to drop: ['ab_000', 'ad_000', 'bk_000', 'bl_000', 'bm_000', 'bn_000', 'bo_000', 'bp_000', 'bq_000', 'br_000', 'cf_000', 'cg_000', 'ch_000', 'co_000', 'cr_000', 'ct_000', 'cu_000', 'cv_000', 'cx_000', 'cy_000', 'cz_000', 'da_000', 'db_000', 'dc_000']
[ 2023-02-09 16:36:43,654 ] 125 root - INFO - Drop null values colums from test df
[ 2023-02-09 16:36:43,658 ] 44 root - INFO - selecting column name which contains null above to 0.2
[ 2023-02-09 16:36:43,658 ] 47 root - INFO - Columns to drop: ['ab_000', 'ad_000', 'bk_000', 'bl_000', 'bm_000', 'bn_000', 'bo_000', 'bp_000', 'bq_000', 'br_000', 'cf_000', 'cg_000', 'ch_000', 'co_000', 'cr_000', 'ct_000', 'cu_000', 'cv_000', 'cx_000', 'cy_000', 'cz_000', 'da_000', 'db_000', 'dc_000']
[ 2023-02-09 16:36:49,750 ] 134 root - INFO - Is all required columns present in train df
[ 2023-02-09 16:36:49,750 ] 136 root - INFO - Is all required columns present in test df
[ 2023-02-09 16:36:49,751 ] 140 root - INFO - As all column are available in train df hence detecting data drift
[ 2023-02-09 16:36:49,751 ] 88 root - INFO - Hypothesis class: object, object 
[ 2023-02-09 16:36:49,892 ] 88 root - INFO - Hypothesis aa_000: float64, float64 
[ 2023-02-09 16:36:49,903 ] 88 root - INFO - Hypothesis ac_000: float64, float64 
[ 2023-02-09 16:36:49,942 ] 88 root - INFO - Hypothesis ae_000: float64, float64 
[ 2023-02-09 16:36:49,978 ] 88 root - INFO - Hypothesis af_000: float64, float64 
[ 2023-02-09 16:36:50,014 ] 88 root - INFO - Hypothesis ag_000: float64, float64 
[ 2023-02-09 16:36:50,050 ] 88 root - INFO - Hypothesis ag_001: float64, float64 
[ 2023-02-09 16:36:50,086 ] 88 root - INFO - Hypothesis ag_002: float64, float64 
[ 2023-02-09 16:36:50,123 ] 88 root - INFO - Hypothesis ag_003: float64, float64 
[ 2023-02-09 16:36:50,129 ] 88 root - INFO - Hypothesis ag_004: float64, float64 
[ 2023-02-09 16:36:50,139 ] 88 root - INFO - Hypothesis ag_005: float64, float64 
[ 2023-02-09 16:36:50,150 ] 88 root - INFO - Hypothesis ag_006: float64, float64 
[ 2023-02-09 16:36:50,160 ] 88 root - INFO - Hypothesis ag_007: float64, float64 
[ 2023-02-09 16:36:50,170 ] 88 root - INFO - Hypothesis ag_008: float64, float64 
[ 2023-02-09 16:36:50,178 ] 88 root - INFO - Hypothesis ag_009: float64, float64 
[ 2023-02-09 16:36:50,185 ] 88 root - INFO - Hypothesis ah_000: float64, float64 
[ 2023-02-09 16:36:50,196 ] 88 root - INFO - Hypothesis ai_000: float64, float64 
[ 2023-02-09 16:36:50,237 ] 88 root - INFO - Hypothesis aj_000: float64, float64 
[ 2023-02-09 16:36:50,243 ] 88 root - INFO - Hypothesis ak_000: float64, float64 
[ 2023-02-09 16:36:50,280 ] 88 root - INFO - Hypothesis al_000: float64, float64 
[ 2023-02-09 16:36:50,288 ] 88 root - INFO - Hypothesis am_0: float64, float64 
[ 2023-02-09 16:36:50,295 ] 88 root - INFO - Hypothesis an_000: float64, float64 
[ 2023-02-09 16:36:50,306 ] 88 root - INFO - Hypothesis ao_000: float64, float64 
[ 2023-02-09 16:36:50,316 ] 88 root - INFO - Hypothesis ap_000: float64, float64 
[ 2023-02-09 16:36:50,327 ] 88 root - INFO - Hypothesis aq_000: float64, float64 
[ 2023-02-09 16:36:50,338 ] 88 root - INFO - Hypothesis ar_000: float64, float64 
[ 2023-02-09 16:36:50,374 ] 88 root - INFO - Hypothesis as_000: float64, float64 
[ 2023-02-09 16:36:50,409 ] 88 root - INFO - Hypothesis at_000: float64, float64 
[ 2023-02-09 16:36:50,446 ] 88 root - INFO - Hypothesis au_000: float64, float64 
[ 2023-02-09 16:36:50,481 ] 88 root - INFO - Hypothesis av_000: float64, float64 
[ 2023-02-09 16:36:50,490 ] 88 root - INFO - Hypothesis ax_000: float64, float64 
[ 2023-02-09 16:36:50,498 ] 88 root - INFO - Hypothesis ay_000: float64, float64 
[ 2023-02-09 16:36:50,533 ] 88 root - INFO - Hypothesis ay_001: float64, float64 
[ 2023-02-09 16:36:50,569 ] 88 root - INFO - Hypothesis ay_002: float64, float64 
[ 2023-02-09 16:36:50,605 ] 88 root - INFO - Hypothesis ay_003: float64, float64 
[ 2023-02-09 16:36:50,641 ] 88 root - INFO - Hypothesis ay_004: float64, float64 
[ 2023-02-09 16:36:50,677 ] 88 root - INFO - Hypothesis ay_005: float64, float64 
[ 2023-02-09 16:36:50,718 ] 88 root - INFO - Hypothesis ay_006: float64, float64 
[ 2023-02-09 16:36:50,727 ] 88 root - INFO - Hypothesis ay_007: float64, float64 
[ 2023-02-09 16:36:50,737 ] 88 root - INFO - Hypothesis ay_008: float64, float64 
[ 2023-02-09 16:36:50,747 ] 88 root - INFO - Hypothesis ay_009: float64, float64 
[ 2023-02-09 16:36:50,783 ] 88 root - INFO - Hypothesis az_000: float64, float64 
[ 2023-02-09 16:36:50,793 ] 88 root - INFO - Hypothesis az_001: float64, float64 
[ 2023-02-09 16:36:50,802 ] 88 root - INFO - Hypothesis az_002: float64, float64 
[ 2023-02-09 16:36:50,811 ] 88 root - INFO - Hypothesis az_003: float64, float64 
[ 2023-02-09 16:36:50,822 ] 88 root - INFO - Hypothesis az_004: float64, float64 
[ 2023-02-09 16:36:50,832 ] 88 root - INFO - Hypothesis az_005: float64, float64 
[ 2023-02-09 16:36:50,843 ] 88 root - INFO - Hypothesis az_006: float64, float64 
[ 2023-02-09 16:36:50,884 ] 88 root - INFO - Hypothesis az_007: float64, float64 
[ 2023-02-09 16:36:50,921 ] 88 root - INFO - Hypothesis az_008: float64, float64 
[ 2023-02-09 16:36:50,957 ] 88 root - INFO - Hypothesis az_009: float64, float64 
[ 2023-02-09 16:36:50,993 ] 88 root - INFO - Hypothesis ba_000: float64, float64 
[ 2023-02-09 16:36:51,004 ] 88 root - INFO - Hypothesis ba_001: float64, float64 
[ 2023-02-09 16:36:51,015 ] 88 root - INFO - Hypothesis ba_002: float64, float64 
[ 2023-02-09 16:36:51,025 ] 88 root - INFO - Hypothesis ba_003: float64, float64 
[ 2023-02-09 16:36:51,035 ] 88 root - INFO - Hypothesis ba_004: float64, float64 
[ 2023-02-09 16:36:51,045 ] 88 root - INFO - Hypothesis ba_005: float64, float64 
[ 2023-02-09 16:36:51,056 ] 88 root - INFO - Hypothesis ba_006: float64, float64 
[ 2023-02-09 16:36:51,066 ] 88 root - INFO - Hypothesis ba_007: float64, float64 
[ 2023-02-09 16:36:51,075 ] 88 root - INFO - Hypothesis ba_008: float64, float64 
[ 2023-02-09 16:36:51,115 ] 88 root - INFO - Hypothesis ba_009: float64, float64 
[ 2023-02-09 16:36:51,154 ] 88 root - INFO - Hypothesis bb_000: float64, float64 
[ 2023-02-09 16:36:51,165 ] 88 root - INFO - Hypothesis bc_000: float64, float64 
[ 2023-02-09 16:36:51,209 ] 88 root - INFO - Hypothesis bd_000: float64, float64 
[ 2023-02-09 16:36:51,218 ] 88 root - INFO - Hypothesis be_000: float64, float64 
[ 2023-02-09 16:36:51,227 ] 88 root - INFO - Hypothesis bf_000: float64, float64 
[ 2023-02-09 16:36:51,234 ] 88 root - INFO - Hypothesis bg_000: float64, float64 
[ 2023-02-09 16:36:51,245 ] 88 root - INFO - Hypothesis bh_000: float64, float64 
[ 2023-02-09 16:36:51,256 ] 88 root - INFO - Hypothesis bi_000: float64, float64 
[ 2023-02-09 16:36:51,266 ] 88 root - INFO - Hypothesis bj_000: float64, float64 
[ 2023-02-09 16:36:51,277 ] 88 root - INFO - Hypothesis bs_000: float64, float64 
[ 2023-02-09 16:36:51,288 ] 88 root - INFO - Hypothesis bt_000: float64, float64 
[ 2023-02-09 16:36:51,299 ] 88 root - INFO - Hypothesis bu_000: float64, float64 
[ 2023-02-09 16:36:51,309 ] 88 root - INFO - Hypothesis bv_000: float64, float64 
[ 2023-02-09 16:36:51,319 ] 88 root - INFO - Hypothesis bx_000: float64, float64 
[ 2023-02-09 16:36:51,330 ] 88 root - INFO - Hypothesis by_000: float64, float64 
[ 2023-02-09 16:36:51,340 ] 88 root - INFO - Hypothesis bz_000: float64, float64 
[ 2023-02-09 16:36:51,349 ] 88 root - INFO - Hypothesis ca_000: float64, float64 
[ 2023-02-09 16:36:51,360 ] 88 root - INFO - Hypothesis cb_000: float64, float64 
[ 2023-02-09 16:36:51,371 ] 88 root - INFO - Hypothesis cc_000: float64, float64 
[ 2023-02-09 16:36:51,381 ] 88 root - INFO - Hypothesis cd_000: float64, float64 
[ 2023-02-09 16:36:51,417 ] 88 root - INFO - Hypothesis ce_000: float64, float64 
[ 2023-02-09 16:36:51,427 ] 88 root - INFO - Hypothesis ci_000: float64, float64 
[ 2023-02-09 16:36:51,437 ] 88 root - INFO - Hypothesis cj_000: float64, float64 
[ 2023-02-09 16:36:51,475 ] 88 root - INFO - Hypothesis ck_000: float64, float64 
[ 2023-02-09 16:36:51,486 ] 88 root - INFO - Hypothesis cl_000: float64, float64 
[ 2023-02-09 16:36:51,492 ] 88 root - INFO - Hypothesis cm_000: float64, float64 
[ 2023-02-09 16:36:51,499 ] 88 root - INFO - Hypothesis cn_000: float64, float64 
[ 2023-02-09 16:36:51,535 ] 88 root - INFO - Hypothesis cn_001: float64, float64 
[ 2023-02-09 16:36:51,572 ] 88 root - INFO - Hypothesis cn_002: float64, float64 
[ 2023-02-09 16:36:51,580 ] 88 root - INFO - Hypothesis cn_003: float64, float64 
[ 2023-02-09 16:36:51,591 ] 88 root - INFO - Hypothesis cn_004: float64, float64 
[ 2023-02-09 16:36:51,602 ] 88 root - INFO - Hypothesis cn_005: float64, float64 
[ 2023-02-09 16:36:51,612 ] 88 root - INFO - Hypothesis cn_006: float64, float64 
[ 2023-02-09 16:36:51,622 ] 88 root - INFO - Hypothesis cn_007: float64, float64 
[ 2023-02-09 16:36:51,632 ] 88 root - INFO - Hypothesis cn_008: float64, float64 
[ 2023-02-09 16:36:51,641 ] 88 root - INFO - Hypothesis cn_009: float64, float64 
[ 2023-02-09 16:36:51,681 ] 88 root - INFO - Hypothesis cp_000: float64, float64 
[ 2023-02-09 16:36:51,721 ] 88 root - INFO - Hypothesis cq_000: float64, float64 
[ 2023-02-09 16:36:51,731 ] 88 root - INFO - Hypothesis cs_000: float64, float64 
[ 2023-02-09 16:36:51,741 ] 88 root - INFO - Hypothesis cs_001: float64, float64 
[ 2023-02-09 16:36:51,750 ] 88 root - INFO - Hypothesis cs_002: float64, float64 
[ 2023-02-09 16:36:51,760 ] 88 root - INFO - Hypothesis cs_003: float64, float64 
[ 2023-02-09 16:36:51,770 ] 88 root - INFO - Hypothesis cs_004: float64, float64 
[ 2023-02-09 16:36:51,780 ] 88 root - INFO - Hypothesis cs_005: float64, float64 
[ 2023-02-09 16:36:51,791 ] 88 root - INFO - Hypothesis cs_006: float64, float64 
[ 2023-02-09 16:36:51,801 ] 88 root - INFO - Hypothesis cs_007: float64, float64 
[ 2023-02-09 16:36:51,812 ] 88 root - INFO - Hypothesis cs_008: float64, float64 
[ 2023-02-09 16:36:51,850 ] 88 root - INFO - Hypothesis cs_009: float64, float64 
[ 2023-02-09 16:36:51,886 ] 88 root - INFO - Hypothesis dd_000: float64, float64 
[ 2023-02-09 16:36:51,895 ] 88 root - INFO - Hypothesis de_000: float64, float64 
[ 2023-02-09 16:36:51,903 ] 88 root - INFO - Hypothesis df_000: float64, float64 
[ 2023-02-09 16:36:51,939 ] 88 root - INFO - Hypothesis dg_000: float64, float64 
[ 2023-02-09 16:36:51,975 ] 88 root - INFO - Hypothesis dh_000: float64, float64 
[ 2023-02-09 16:36:51,981 ] 88 root - INFO - Hypothesis di_000: float64, float64 
[ 2023-02-09 16:36:52,019 ] 88 root - INFO - Hypothesis dj_000: float64, float64 
[ 2023-02-09 16:36:52,056 ] 88 root - INFO - Hypothesis dk_000: float64, float64 
[ 2023-02-09 16:36:52,096 ] 88 root - INFO - Hypothesis dl_000: float64, float64 
[ 2023-02-09 16:36:52,133 ] 88 root - INFO - Hypothesis dm_000: float64, float64 
[ 2023-02-09 16:36:52,170 ] 88 root - INFO - Hypothesis dn_000: float64, float64 
[ 2023-02-09 16:36:52,180 ] 88 root - INFO - Hypothesis do_000: float64, float64 
[ 2023-02-09 16:36:52,190 ] 88 root - INFO - Hypothesis dp_000: float64, float64 
[ 2023-02-09 16:36:52,200 ] 88 root - INFO - Hypothesis dq_000: float64, float64 
[ 2023-02-09 16:36:52,238 ] 88 root - INFO - Hypothesis dr_000: float64, float64 
[ 2023-02-09 16:36:52,281 ] 88 root - INFO - Hypothesis ds_000: float64, float64 
[ 2023-02-09 16:36:52,292 ] 88 root - INFO - Hypothesis dt_000: float64, float64 
[ 2023-02-09 16:36:52,303 ] 88 root - INFO - Hypothesis du_000: float64, float64 
[ 2023-02-09 16:36:52,314 ] 88 root - INFO - Hypothesis dv_000: float64, float64 
[ 2023-02-09 16:36:52,325 ] 88 root - INFO - Hypothesis dx_000: float64, float64 
[ 2023-02-09 16:36:52,362 ] 88 root - INFO - Hypothesis dy_000: float64, float64 
[ 2023-02-09 16:36:52,401 ] 88 root - INFO - Hypothesis dz_000: float64, float64 
[ 2023-02-09 16:36:52,436 ] 88 root - INFO - Hypothesis ea_000: float64, float64 
[ 2023-02-09 16:36:52,472 ] 88 root - INFO - Hypothesis eb_000: float64, float64 
[ 2023-02-09 16:36:52,481 ] 88 root - INFO - Hypothesis ec_00: float64, float64 
[ 2023-02-09 16:36:52,491 ] 88 root - INFO - Hypothesis ed_000: float64, float64 
[ 2023-02-09 16:36:52,500 ] 88 root - INFO - Hypothesis ee_000: float64, float64 
[ 2023-02-09 16:36:52,510 ] 88 root - INFO - Hypothesis ee_001: float64, float64 
[ 2023-02-09 16:36:52,521 ] 88 root - INFO - Hypothesis ee_002: float64, float64 
[ 2023-02-09 16:36:52,531 ] 88 root - INFO - Hypothesis ee_003: float64, float64 
[ 2023-02-09 16:36:52,541 ] 88 root - INFO - Hypothesis ee_004: float64, float64 
[ 2023-02-09 16:36:52,552 ] 88 root - INFO - Hypothesis ee_005: float64, float64 
[ 2023-02-09 16:36:52,562 ] 88 root - INFO - Hypothesis ee_006: float64, float64 
[ 2023-02-09 16:36:52,572 ] 88 root - INFO - Hypothesis ee_007: float64, float64 
[ 2023-02-09 16:36:52,581 ] 88 root - INFO - Hypothesis ee_008: float64, float64 
[ 2023-02-09 16:36:52,590 ] 88 root - INFO - Hypothesis ee_009: float64, float64 
[ 2023-02-09 16:36:52,598 ] 88 root - INFO - Hypothesis ef_000: float64, float64 
[ 2023-02-09 16:36:52,634 ] 88 root - INFO - Hypothesis eg_000: float64, float64 
[ 2023-02-09 16:36:52,670 ] 143 root - INFO - As all column are available in test df hence detecting data drift
[ 2023-02-09 16:36:52,670 ] 88 root - INFO - Hypothesis class: object, object 
[ 2023-02-09 16:36:52,745 ] 88 root - INFO - Hypothesis aa_000: float64, float64 
[ 2023-02-09 16:36:52,752 ] 88 root - INFO - Hypothesis ac_000: float64, float64 
[ 2023-02-09 16:36:52,758 ] 88 root - INFO - Hypothesis ae_000: float64, float64 
[ 2023-02-09 16:36:52,773 ] 88 root - INFO - Hypothesis af_000: float64, float64 
[ 2023-02-09 16:36:52,788 ] 88 root - INFO - Hypothesis ag_000: float64, float64 
[ 2023-02-09 16:36:52,803 ] 88 root - INFO - Hypothesis ag_001: float64, float64 
[ 2023-02-09 16:36:52,818 ] 88 root - INFO - Hypothesis ag_002: float64, float64 
[ 2023-02-09 16:36:52,821 ] 88 root - INFO - Hypothesis ag_003: float64, float64 
[ 2023-02-09 16:36:52,826 ] 88 root - INFO - Hypothesis ag_004: float64, float64 
[ 2023-02-09 16:36:52,832 ] 88 root - INFO - Hypothesis ag_005: float64, float64 
[ 2023-02-09 16:36:52,840 ] 88 root - INFO - Hypothesis ag_006: float64, float64 
[ 2023-02-09 16:36:52,847 ] 88 root - INFO - Hypothesis ag_007: float64, float64 
[ 2023-02-09 16:36:52,853 ] 88 root - INFO - Hypothesis ag_008: float64, float64 
[ 2023-02-09 16:36:52,859 ] 88 root - INFO - Hypothesis ag_009: float64, float64 
[ 2023-02-09 16:36:52,863 ] 88 root - INFO - Hypothesis ah_000: float64, float64 
[ 2023-02-09 16:36:52,870 ] 88 root - INFO - Hypothesis ai_000: float64, float64 
[ 2023-02-09 16:36:52,874 ] 88 root - INFO - Hypothesis aj_000: float64, float64 
[ 2023-02-09 16:36:52,878 ] 88 root - INFO - Hypothesis ak_000: float64, float64 
[ 2023-02-09 16:36:52,881 ] 88 root - INFO - Hypothesis al_000: float64, float64 
[ 2023-02-09 16:36:52,886 ] 88 root - INFO - Hypothesis am_0: float64, float64 
[ 2023-02-09 16:36:52,891 ] 88 root - INFO - Hypothesis an_000: float64, float64 
[ 2023-02-09 16:36:52,898 ] 88 root - INFO - Hypothesis ao_000: float64, float64 
[ 2023-02-09 16:36:52,906 ] 88 root - INFO - Hypothesis ap_000: float64, float64 
[ 2023-02-09 16:36:52,913 ] 88 root - INFO - Hypothesis aq_000: float64, float64 
[ 2023-02-09 16:36:52,920 ] 88 root - INFO - Hypothesis ar_000: float64, float64 
[ 2023-02-09 16:36:52,935 ] 88 root - INFO - Hypothesis as_000: float64, float64 
[ 2023-02-09 16:36:52,950 ] 88 root - INFO - Hypothesis at_000: float64, float64 
[ 2023-02-09 16:36:52,966 ] 88 root - INFO - Hypothesis au_000: float64, float64 
[ 2023-02-09 16:36:52,980 ] 88 root - INFO - Hypothesis av_000: float64, float64 
[ 2023-02-09 16:36:52,986 ] 88 root - INFO - Hypothesis ax_000: float64, float64 
[ 2023-02-09 16:36:52,992 ] 88 root - INFO - Hypothesis ay_000: float64, float64 
[ 2023-02-09 16:36:53,007 ] 88 root - INFO - Hypothesis ay_001: float64, float64 
[ 2023-02-09 16:36:53,022 ] 88 root - INFO - Hypothesis ay_002: float64, float64 
[ 2023-02-09 16:36:53,037 ] 88 root - INFO - Hypothesis ay_003: float64, float64 
[ 2023-02-09 16:36:53,052 ] 88 root - INFO - Hypothesis ay_004: float64, float64 
[ 2023-02-09 16:36:53,067 ] 88 root - INFO - Hypothesis ay_005: float64, float64 
[ 2023-02-09 16:36:53,072 ] 88 root - INFO - Hypothesis ay_006: float64, float64 
[ 2023-02-09 16:36:53,078 ] 88 root - INFO - Hypothesis ay_007: float64, float64 
[ 2023-02-09 16:36:53,085 ] 88 root - INFO - Hypothesis ay_008: float64, float64 
[ 2023-02-09 16:36:53,092 ] 88 root - INFO - Hypothesis ay_009: float64, float64 
[ 2023-02-09 16:36:53,107 ] 88 root - INFO - Hypothesis az_000: float64, float64 
[ 2023-02-09 16:36:53,114 ] 88 root - INFO - Hypothesis az_001: float64, float64 
[ 2023-02-09 16:36:53,120 ] 88 root - INFO - Hypothesis az_002: float64, float64 
[ 2023-02-09 16:36:53,127 ] 88 root - INFO - Hypothesis az_003: float64, float64 
[ 2023-02-09 16:36:53,133 ] 88 root - INFO - Hypothesis az_004: float64, float64 
[ 2023-02-09 16:36:53,141 ] 88 root - INFO - Hypothesis az_005: float64, float64 
[ 2023-02-09 16:36:53,148 ] 88 root - INFO - Hypothesis az_006: float64, float64 
[ 2023-02-09 16:36:53,154 ] 88 root - INFO - Hypothesis az_007: float64, float64 
[ 2023-02-09 16:36:53,158 ] 88 root - INFO - Hypothesis az_008: float64, float64 
[ 2023-02-09 16:36:53,173 ] 88 root - INFO - Hypothesis az_009: float64, float64 
[ 2023-02-09 16:36:53,188 ] 88 root - INFO - Hypothesis ba_000: float64, float64 
[ 2023-02-09 16:36:53,196 ] 88 root - INFO - Hypothesis ba_001: float64, float64 
[ 2023-02-09 16:36:53,203 ] 88 root - INFO - Hypothesis ba_002: float64, float64 
[ 2023-02-09 16:36:53,210 ] 88 root - INFO - Hypothesis ba_003: float64, float64 
[ 2023-02-09 16:36:53,217 ] 88 root - INFO - Hypothesis ba_004: float64, float64 
[ 2023-02-09 16:36:53,226 ] 88 root - INFO - Hypothesis ba_005: float64, float64 
[ 2023-02-09 16:36:53,233 ] 88 root - INFO - Hypothesis ba_006: float64, float64 
[ 2023-02-09 16:36:53,240 ] 88 root - INFO - Hypothesis ba_007: float64, float64 
[ 2023-02-09 16:36:53,246 ] 88 root - INFO - Hypothesis ba_008: float64, float64 
[ 2023-02-09 16:36:53,252 ] 88 root - INFO - Hypothesis ba_009: float64, float64 
[ 2023-02-09 16:36:53,256 ] 88 root - INFO - Hypothesis bb_000: float64, float64 
[ 2023-02-09 16:36:53,263 ] 88 root - INFO - Hypothesis bc_000: float64, float64 
[ 2023-02-09 16:36:53,269 ] 88 root - INFO - Hypothesis bd_000: float64, float64 
[ 2023-02-09 16:36:53,274 ] 88 root - INFO - Hypothesis be_000: float64, float64 
[ 2023-02-09 16:36:53,280 ] 88 root - INFO - Hypothesis bf_000: float64, float64 
[ 2023-02-09 16:36:53,285 ] 88 root - INFO - Hypothesis bg_000: float64, float64 
[ 2023-02-09 16:36:53,292 ] 88 root - INFO - Hypothesis bh_000: float64, float64 
[ 2023-02-09 16:36:53,299 ] 88 root - INFO - Hypothesis bi_000: float64, float64 
[ 2023-02-09 16:36:53,306 ] 88 root - INFO - Hypothesis bj_000: float64, float64 
[ 2023-02-09 16:36:53,313 ] 88 root - INFO - Hypothesis bs_000: float64, float64 
[ 2023-02-09 16:36:53,321 ] 88 root - INFO - Hypothesis bt_000: float64, float64 
[ 2023-02-09 16:36:53,328 ] 88 root - INFO - Hypothesis bu_000: float64, float64 
[ 2023-02-09 16:36:53,335 ] 88 root - INFO - Hypothesis bv_000: float64, float64 
[ 2023-02-09 16:36:53,342 ] 88 root - INFO - Hypothesis bx_000: float64, float64 
[ 2023-02-09 16:36:53,349 ] 88 root - INFO - Hypothesis by_000: float64, float64 
[ 2023-02-09 16:36:53,357 ] 88 root - INFO - Hypothesis bz_000: float64, float64 
[ 2023-02-09 16:36:53,364 ] 88 root - INFO - Hypothesis ca_000: float64, float64 
[ 2023-02-09 16:36:53,372 ] 88 root - INFO - Hypothesis cb_000: float64, float64 
[ 2023-02-09 16:36:53,379 ] 88 root - INFO - Hypothesis cc_000: float64, float64 
[ 2023-02-09 16:36:53,390 ] 88 root - INFO - Hypothesis cd_000: float64, float64 
[ 2023-02-09 16:36:53,407 ] 88 root - INFO - Hypothesis ce_000: float64, float64 
[ 2023-02-09 16:36:53,413 ] 88 root - INFO - Hypothesis ci_000: float64, float64 
[ 2023-02-09 16:36:53,420 ] 88 root - INFO - Hypothesis cj_000: float64, float64 
[ 2023-02-09 16:36:53,424 ] 88 root - INFO - Hypothesis ck_000: float64, float64 
[ 2023-02-09 16:36:53,432 ] 88 root - INFO - Hypothesis cl_000: float64, float64 
[ 2023-02-09 16:36:53,436 ] 88 root - INFO - Hypothesis cm_000: float64, float64 
[ 2023-02-09 16:36:53,441 ] 88 root - INFO - Hypothesis cn_000: float64, float64 
[ 2023-02-09 16:36:53,457 ] 88 root - INFO - Hypothesis cn_001: float64, float64 
[ 2023-02-09 16:36:53,461 ] 88 root - INFO - Hypothesis cn_002: float64, float64 
[ 2023-02-09 16:36:53,466 ] 88 root - INFO - Hypothesis cn_003: float64, float64 
[ 2023-02-09 16:36:53,473 ] 88 root - INFO - Hypothesis cn_004: float64, float64 
[ 2023-02-09 16:36:53,480 ] 88 root - INFO - Hypothesis cn_005: float64, float64 
[ 2023-02-09 16:36:53,487 ] 88 root - INFO - Hypothesis cn_006: float64, float64 
[ 2023-02-09 16:36:53,494 ] 88 root - INFO - Hypothesis cn_007: float64, float64 
[ 2023-02-09 16:36:53,500 ] 88 root - INFO - Hypothesis cn_008: float64, float64 
[ 2023-02-09 16:36:53,506 ] 88 root - INFO - Hypothesis cn_009: float64, float64 
[ 2023-02-09 16:36:53,512 ] 88 root - INFO - Hypothesis cp_000: float64, float64 
[ 2023-02-09 16:36:53,517 ] 88 root - INFO - Hypothesis cq_000: float64, float64 
[ 2023-02-09 16:36:53,524 ] 88 root - INFO - Hypothesis cs_000: float64, float64 
[ 2023-02-09 16:36:53,530 ] 88 root - INFO - Hypothesis cs_001: float64, float64 
[ 2023-02-09 16:36:53,536 ] 88 root - INFO - Hypothesis cs_002: float64, float64 
[ 2023-02-09 16:36:53,543 ] 88 root - INFO - Hypothesis cs_003: float64, float64 
[ 2023-02-09 16:36:53,550 ] 88 root - INFO - Hypothesis cs_004: float64, float64 
[ 2023-02-09 16:36:53,558 ] 88 root - INFO - Hypothesis cs_005: float64, float64 
[ 2023-02-09 16:36:53,565 ] 88 root - INFO - Hypothesis cs_006: float64, float64 
[ 2023-02-09 16:36:53,572 ] 88 root - INFO - Hypothesis cs_007: float64, float64 
[ 2023-02-09 16:36:53,579 ] 88 root - INFO - Hypothesis cs_008: float64, float64 
[ 2023-02-09 16:36:53,585 ] 88 root - INFO - Hypothesis cs_009: float64, float64 
[ 2023-02-09 16:36:53,600 ] 88 root - INFO - Hypothesis dd_000: float64, float64 
[ 2023-02-09 16:36:53,606 ] 88 root - INFO - Hypothesis de_000: float64, float64 
[ 2023-02-09 16:36:53,612 ] 88 root - INFO - Hypothesis df_000: float64, float64 
[ 2023-02-09 16:36:53,615 ] 88 root - INFO - Hypothesis dg_000: float64, float64 
[ 2023-02-09 16:36:53,618 ] 88 root - INFO - Hypothesis dh_000: float64, float64 
[ 2023-02-09 16:36:53,622 ] 88 root - INFO - Hypothesis di_000: float64, float64 
[ 2023-02-09 16:36:53,626 ] 88 root - INFO - Hypothesis dj_000: float64, float64 
[ 2023-02-09 16:36:53,642 ] 88 root - INFO - Hypothesis dk_000: float64, float64 
[ 2023-02-09 16:36:53,645 ] 88 root - INFO - Hypothesis dl_000: float64, float64 
[ 2023-02-09 16:36:53,660 ] 88 root - INFO - Hypothesis dm_000: float64, float64 
[ 2023-02-09 16:36:53,676 ] 88 root - INFO - Hypothesis dn_000: float64, float64 
[ 2023-02-09 16:36:53,682 ] 88 root - INFO - Hypothesis do_000: float64, float64 
[ 2023-02-09 16:36:53,689 ] 88 root - INFO - Hypothesis dp_000: float64, float64 
[ 2023-02-09 16:36:53,695 ] 88 root - INFO - Hypothesis dq_000: float64, float64 
[ 2023-02-09 16:36:53,699 ] 88 root - INFO - Hypothesis dr_000: float64, float64 
[ 2023-02-09 16:36:53,703 ] 88 root - INFO - Hypothesis ds_000: float64, float64 
[ 2023-02-09 16:36:53,710 ] 88 root - INFO - Hypothesis dt_000: float64, float64 
[ 2023-02-09 16:36:53,717 ] 88 root - INFO - Hypothesis du_000: float64, float64 
[ 2023-02-09 16:36:53,723 ] 88 root - INFO - Hypothesis dv_000: float64, float64 
[ 2023-02-09 16:36:53,730 ] 88 root - INFO - Hypothesis dx_000: float64, float64 
[ 2023-02-09 16:36:53,735 ] 88 root - INFO - Hypothesis dy_000: float64, float64 
[ 2023-02-09 16:36:53,740 ] 88 root - INFO - Hypothesis dz_000: float64, float64 
[ 2023-02-09 16:36:53,754 ] 88 root - INFO - Hypothesis ea_000: float64, float64 
[ 2023-02-09 16:36:53,770 ] 88 root - INFO - Hypothesis eb_000: float64, float64 
[ 2023-02-09 16:36:53,776 ] 88 root - INFO - Hypothesis ec_00: float64, float64 
[ 2023-02-09 16:36:53,783 ] 88 root - INFO - Hypothesis ed_000: float64, float64 
[ 2023-02-09 16:36:53,789 ] 88 root - INFO - Hypothesis ee_000: float64, float64 
[ 2023-02-09 16:36:53,796 ] 88 root - INFO - Hypothesis ee_001: float64, float64 
[ 2023-02-09 16:36:53,803 ] 88 root - INFO - Hypothesis ee_002: float64, float64 
[ 2023-02-09 16:36:53,810 ] 88 root - INFO - Hypothesis ee_003: float64, float64 
[ 2023-02-09 16:36:53,817 ] 88 root - INFO - Hypothesis ee_004: float64, float64 
[ 2023-02-09 16:36:53,824 ] 88 root - INFO - Hypothesis ee_005: float64, float64 
[ 2023-02-09 16:36:53,831 ] 88 root - INFO - Hypothesis ee_006: float64, float64 
[ 2023-02-09 16:36:53,838 ] 88 root - INFO - Hypothesis ee_007: float64, float64 
[ 2023-02-09 16:36:53,845 ] 88 root - INFO - Hypothesis ee_008: float64, float64 
[ 2023-02-09 16:36:53,851 ] 88 root - INFO - Hypothesis ee_009: float64, float64 
[ 2023-02-09 16:36:53,856 ] 88 root - INFO - Hypothesis ef_000: float64, float64 
[ 2023-02-09 16:36:53,871 ] 88 root - INFO - Hypothesis eg_000: float64, float64 
[ 2023-02-09 16:36:53,886 ] 147 root - INFO - Write reprt in yaml file
[ 2023-02-09 16:36:54,043 ] 152 root - INFO - Data validation artifact: DataValidationArtifact(report_file_path='/config/workspace/artifact/02092023__163626/data_validation/report.yaml')
[ 2023-02-09 16:36:54,045 ] 24 root - INFO - >>>>>>>>>>>>>>>>>>>>>>>>>>>>>>>>>>>>>>>> Data Transformation <<<<<<<<<<<<<<<<<<<<<<<<<<<<<<<<<<<<<<<<
[ 2023-02-09 16:36:54,947 ] 75 root - INFO - Before resampling in training set Input: (28950, 170) Target:(28950,)
[ 2023-02-09 16:37:00,917 ] 77 root - INFO - After resampling in training set Input: (56152, 170) Target:(56152,)
[ 2023-02-09 16:37:00,917 ] 79 root - INFO - Before resampling in testing set Input: (7238, 170) Target:(7238,)
[ 2023-02-09 16:37:01,596 ] 81 root - INFO - After resampling in testing set Input: (14072, 170) Target:(14072,)
[ 2023-02-09 16:37:01,711 ] 54 root - INFO - Entered the save_object method of utils
[ 2023-02-09 16:37:01,713 ] 58 root - INFO - Exited the save_object method of utils
[ 2023-02-09 16:37:01,714 ] 54 root - INFO - Entered the save_object method of utils
[ 2023-02-09 16:37:01,714 ] 58 root - INFO - Exited the save_object method of utils
[ 2023-02-09 16:37:01,714 ] 112 root - INFO - Data transformation object DataTransformationArtifact(transform_object_path='/config/workspace/artifact/02092023__163626/data_transformation/transformer/transformer.pkl', transformed_train_path='/config/workspace/artifact/02092023__163626/data_transformation/transformed/train.npz', transformed_test_path='/config/workspace/artifact/02092023__163626/data_transformation/transformed/test.npz', target_encoder_path='/config/workspace/artifact/02092023__163626/data_transformation/target_encoder/target_encoder.pkl')
[ 2023-02-09 16:37:01,716 ] 18 root - INFO - >>>>>>>>>>>>>>>>>>>>>>>>>>>>>>>>>>>>>>>> Model Trainer <<<<<<<<<<<<<<<<<<<<<<<<<<<<<<<<<<<<<<<<
[ 2023-02-09 16:37:01,716 ] 45 root - INFO - Loading train and test array.
[ 2023-02-09 16:37:01,747 ] 49 root - INFO - Splitting input and target feature from both train and test arr.
[ 2023-02-09 16:37:01,747 ] 53 root - INFO - Train the model
[ 2023-02-09 16:37:11,626 ] 56 root - INFO - Calculating f1 train score
[ 2023-02-09 16:37:11,674 ] 60 root - INFO - Calculating f1 test score
[ 2023-02-09 16:37:11,691 ] 64 root - INFO - train score:0.9999821908781678 and tests score 0.9694011365292147
[ 2023-02-09 16:37:11,691 ] 66 root - INFO - Checking if our model is underfitting or not
[ 2023-02-09 16:37:11,691 ] 71 root - INFO - Checking if our model is overfiiting or not
[ 2023-02-09 16:37:11,691 ] 78 root - INFO - Saving mode object
[ 2023-02-09 16:37:11,691 ] 54 root - INFO - Entered the save_object method of utils
[ 2023-02-09 16:37:11,696 ] 58 root - INFO - Exited the save_object method of utils
[ 2023-02-09 16:37:11,696 ] 82 root - INFO - Prepare the artifact
[ 2023-02-09 16:37:11,697 ] 85 root - INFO - Model trainer artifact: ModelTrainerArtifact(model_path='/config/workspace/artifact/02092023__163626/model_trainer/model/model.pkl', f1_train_score=0.9999821908781678, f1_test_score=0.9694011365292147)
[ 2023-02-09 16:37:11,698 ] 19 root - INFO - >>>>>>>>>>>>>>>>>>>>>>>>>>>>>>>>>>>>>>>>  Model Evaluation <<<<<<<<<<<<<<<<<<<<<<<<<<<<<<<<<<<<<<<<
[ 2023-02-09 16:37:11,698 ] 35 root - INFO - if saved model folder has model the we will compare which model is best trained or the model from saved model folder
[ 2023-02-09 16:37:11,698 ] 41 root - INFO - Model evaluation artifact: ModelEvaluationArtifact(is_model_accepted=True, improved_accuracy=None)
[ 2023-02-09 16:37:11,698 ] 14 root - INFO - >>>>>>>>>>>>>>>>>>>>>>>>>>>>>>>>>>>>>>>> Data Transformation <<<<<<<<<<<<<<<<<<<<<<<<<<<<<<<<<<<<<<<<
[ 2023-02-09 16:37:11,698 ] 25 root - INFO - Loading transformer model and target encoder
[ 2023-02-09 16:37:11,704 ] 31 root - INFO - Saving model into model pusher directory
[ 2023-02-09 16:37:11,704 ] 54 root - INFO - Entered the save_object method of utils
[ 2023-02-09 16:37:11,706 ] 58 root - INFO - Exited the save_object method of utils
[ 2023-02-09 16:37:11,706 ] 54 root - INFO - Entered the save_object method of utils
[ 2023-02-09 16:37:11,712 ] 58 root - INFO - Exited the save_object method of utils
[ 2023-02-09 16:37:11,712 ] 54 root - INFO - Entered the save_object method of utils
[ 2023-02-09 16:37:11,712 ] 58 root - INFO - Exited the save_object method of utils
[ 2023-02-09 16:37:11,712 ] 38 root - INFO - Saving model in saved model dir
[ 2023-02-09 16:37:11,713 ] 54 root - INFO - Entered the save_object method of utils
[ 2023-02-09 16:37:11,714 ] 58 root - INFO - Exited the save_object method of utils
[ 2023-02-09 16:37:11,715 ] 54 root - INFO - Entered the save_object method of utils
[ 2023-02-09 16:37:11,719 ] 58 root - INFO - Exited the save_object method of utils
[ 2023-02-09 16:37:11,719 ] 54 root - INFO - Entered the save_object method of utils
[ 2023-02-09 16:37:11,719 ] 58 root - INFO - Exited the save_object method of utils
[ 2023-02-09 16:37:11,719 ] 49 root - INFO - Model pusher artifact: ModelPusherArtifact(pusher_model_dir='/config/workspace/artifact/02092023__163626/model_pusher/saved_models', saved_model_dir='saved_models')
